[2025-03-01 12:01:39Z INFO HostContext] No proxy settings were found based on environmental variables (http_proxy/https_proxy/HTTP_PROXY/HTTPS_PROXY)
[2025-03-01 12:01:39Z INFO HostContext] Well known directory 'Bin': 'C:\Users\José Wilson\OneDrive\Documentos\codes\commit\character-sheet-editor\actions-runner\bin'
[2025-03-01 12:01:39Z INFO HostContext] Well known directory 'Root': 'C:\Users\José Wilson\OneDrive\Documentos\codes\commit\character-sheet-editor\actions-runner'
[2025-03-01 12:01:39Z INFO HostContext] Well known config file 'Credentials': 'C:\Users\José Wilson\OneDrive\Documentos\codes\commit\character-sheet-editor\actions-runner\.credentials'
[2025-03-01 12:01:39Z INFO HostContext] Well known directory 'Bin': 'C:\Users\José Wilson\OneDrive\Documentos\codes\commit\character-sheet-editor\actions-runner\bin'
[2025-03-01 12:01:39Z INFO HostContext] Well known directory 'Root': 'C:\Users\José Wilson\OneDrive\Documentos\codes\commit\character-sheet-editor\actions-runner'
[2025-03-01 12:01:39Z INFO HostContext] Well known config file 'Runner': 'C:\Users\José Wilson\OneDrive\Documentos\codes\commit\character-sheet-editor\actions-runner\.runner'
[2025-03-01 12:01:39Z INFO Listener] Runner is built for Windows (X64) - win-x64.
[2025-03-01 12:01:39Z INFO Listener] RuntimeInformation: Microsoft Windows 10.0.26100.
[2025-03-01 12:01:39Z INFO Listener] Version: 2.322.0
[2025-03-01 12:01:39Z INFO Listener] Commit: 0edc478ca75d0a753dcbcec7405f3f26db67b1ac
[2025-03-01 12:01:39Z INFO Listener] Culture: pt-BR
[2025-03-01 12:01:39Z INFO Listener] UI Culture: pt-BR
[2025-03-01 12:01:39Z INFO HostContext] Well known directory 'Bin': 'C:\Users\José Wilson\OneDrive\Documentos\codes\commit\character-sheet-editor\actions-runner\bin'
[2025-03-01 12:01:39Z INFO HostContext] Well known directory 'Root': 'C:\Users\José Wilson\OneDrive\Documentos\codes\commit\character-sheet-editor\actions-runner'
[2025-03-01 12:01:39Z INFO Listener] Validating directory permissions for: 'C:\Users\José Wilson\OneDrive\Documentos\codes\commit\character-sheet-editor\actions-runner'
[2025-03-01 12:01:39Z INFO CommandLineParser] Parse
[2025-03-01 12:01:39Z INFO CommandLineParser] Parsing 5 args
[2025-03-01 12:01:39Z INFO CommandLineParser] parsing argument
[2025-03-01 12:01:39Z INFO CommandLineParser] HasArgs: False
[2025-03-01 12:01:39Z INFO CommandLineParser] Adding Command: configure
[2025-03-01 12:01:39Z INFO CommandLineParser] parsing argument
[2025-03-01 12:01:39Z INFO CommandLineParser] HasArgs: True
[2025-03-01 12:01:39Z INFO CommandLineParser] arg: url
[2025-03-01 12:01:39Z INFO CommandLineParser] parsing argument
[2025-03-01 12:01:39Z INFO CommandLineParser] HasArgs: True
[2025-03-01 12:01:39Z INFO CommandLineParser] Adding option 'url': 'https://github.com/willokko/character-sheet-editor'
[2025-03-01 12:01:39Z INFO CommandLineParser] parsing argument
[2025-03-01 12:01:39Z INFO CommandLineParser] HasArgs: True
[2025-03-01 12:01:39Z INFO CommandLineParser] arg: token
[2025-03-01 12:01:39Z INFO CommandLineParser] parsing argument
[2025-03-01 12:01:39Z INFO CommandLineParser] HasArgs: True
[2025-03-01 12:01:39Z INFO CommandLineParser] Adding option 'token': '***'
[2025-03-01 12:01:39Z INFO Listener] Arguments parsed
[2025-03-01 12:01:39Z INFO Runner] ExecuteCommand
[2025-03-01 12:01:39Z INFO ConfigurationStore] currentAssemblyLocation: C:\Users\José Wilson\OneDrive\Documentos\codes\commit\character-sheet-editor\actions-runner\bin\Runner.Listener.dll
[2025-03-01 12:01:39Z INFO HostContext] Well known directory 'Bin': 'C:\Users\José Wilson\OneDrive\Documentos\codes\commit\character-sheet-editor\actions-runner\bin'
[2025-03-01 12:01:39Z INFO ConfigurationStore] binPath: C:\Users\José Wilson\OneDrive\Documentos\codes\commit\character-sheet-editor\actions-runner\bin
[2025-03-01 12:01:39Z INFO HostContext] Well known directory 'Bin': 'C:\Users\José Wilson\OneDrive\Documentos\codes\commit\character-sheet-editor\actions-runner\bin'
[2025-03-01 12:01:39Z INFO HostContext] Well known directory 'Root': 'C:\Users\José Wilson\OneDrive\Documentos\codes\commit\character-sheet-editor\actions-runner'
[2025-03-01 12:01:39Z INFO ConfigurationStore] RootFolder: C:\Users\José Wilson\OneDrive\Documentos\codes\commit\character-sheet-editor\actions-runner
[2025-03-01 12:01:39Z INFO HostContext] Well known directory 'Bin': 'C:\Users\José Wilson\OneDrive\Documentos\codes\commit\character-sheet-editor\actions-runner\bin'
[2025-03-01 12:01:39Z INFO HostContext] Well known directory 'Root': 'C:\Users\José Wilson\OneDrive\Documentos\codes\commit\character-sheet-editor\actions-runner'
[2025-03-01 12:01:39Z INFO HostContext] Well known config file 'Runner': 'C:\Users\José Wilson\OneDrive\Documentos\codes\commit\character-sheet-editor\actions-runner\.runner'
[2025-03-01 12:01:39Z INFO ConfigurationStore] ConfigFilePath: C:\Users\José Wilson\OneDrive\Documentos\codes\commit\character-sheet-editor\actions-runner\.runner
[2025-03-01 12:01:39Z INFO HostContext] Well known directory 'Bin': 'C:\Users\José Wilson\OneDrive\Documentos\codes\commit\character-sheet-editor\actions-runner\bin'
[2025-03-01 12:01:39Z INFO HostContext] Well known directory 'Root': 'C:\Users\José Wilson\OneDrive\Documentos\codes\commit\character-sheet-editor\actions-runner'
[2025-03-01 12:01:39Z INFO HostContext] Well known config file 'Credentials': 'C:\Users\José Wilson\OneDrive\Documentos\codes\commit\character-sheet-editor\actions-runner\.credentials'
[2025-03-01 12:01:39Z INFO ConfigurationStore] CredFilePath: C:\Users\José Wilson\OneDrive\Documentos\codes\commit\character-sheet-editor\actions-runner\.credentials
[2025-03-01 12:01:39Z INFO HostContext] Well known directory 'Bin': 'C:\Users\José Wilson\OneDrive\Documentos\codes\commit\character-sheet-editor\actions-runner\bin'
[2025-03-01 12:01:39Z INFO HostContext] Well known directory 'Root': 'C:\Users\José Wilson\OneDrive\Documentos\codes\commit\character-sheet-editor\actions-runner'
[2025-03-01 12:01:39Z INFO HostContext] Well known config file 'MigratedCredentials': 'C:\Users\José Wilson\OneDrive\Documentos\codes\commit\character-sheet-editor\actions-runner\.credentials_migrated'
[2025-03-01 12:01:39Z INFO ConfigurationStore] MigratedCredFilePath: C:\Users\José Wilson\OneDrive\Documentos\codes\commit\character-sheet-editor\actions-runner\.credentials_migrated
[2025-03-01 12:01:39Z INFO HostContext] Well known directory 'Bin': 'C:\Users\José Wilson\OneDrive\Documentos\codes\commit\character-sheet-editor\actions-runner\bin'
[2025-03-01 12:01:39Z INFO HostContext] Well known directory 'Root': 'C:\Users\José Wilson\OneDrive\Documentos\codes\commit\character-sheet-editor\actions-runner'
[2025-03-01 12:01:39Z INFO HostContext] Well known config file 'Service': 'C:\Users\José Wilson\OneDrive\Documentos\codes\commit\character-sheet-editor\actions-runner\.service'
[2025-03-01 12:01:39Z INFO ConfigurationStore] ServiceConfigFilePath: C:\Users\José Wilson\OneDrive\Documentos\codes\commit\character-sheet-editor\actions-runner\.service
[2025-03-01 12:01:39Z INFO CommandSettings] Flag 'help': 'False'
[2025-03-01 12:01:39Z INFO CommandSettings] Flag 'version': 'False'
[2025-03-01 12:01:39Z INFO CommandSettings] Flag 'commit': 'False'
[2025-03-01 12:01:39Z INFO CommandSettings] Flag 'check': 'False'
[2025-03-01 12:01:39Z INFO CommandSettings] Command 'configure': 'True'
[2025-03-01 12:01:39Z INFO Terminal] WRITE LINE: 
[2025-03-01 12:01:39Z INFO Terminal] WRITE LINE: --------------------------------------------------------------------------------
[2025-03-01 12:01:39Z INFO Terminal] WRITE LINE: |        ____ _ _   _   _       _          _        _   _                      |
[2025-03-01 12:01:39Z INFO Terminal] WRITE LINE: |       / ___(_) |_| | | |_   _| |__      / \   ___| |_(_) ___  _ __  ___      |
[2025-03-01 12:01:39Z INFO Terminal] WRITE LINE: |      | |  _| | __| |_| | | | | '_ \    / _ \ / __| __| |/ _ \| '_ \/ __|     |
[2025-03-01 12:01:39Z INFO Terminal] WRITE LINE: |      | |_| | | |_|  _  | |_| | |_) |  / ___ \ (__| |_| | (_) | | | \__ \     |
[2025-03-01 12:01:39Z INFO Terminal] WRITE LINE: |       \____|_|\__|_| |_|\__,_|_.__/  /_/   \_\___|\__|_|\___/|_| |_|___/     |
[2025-03-01 12:01:39Z INFO Terminal] WRITE LINE: |                                                                              |
[2025-03-01 12:01:39Z INFO Terminal] WRITE: |                       
[2025-03-01 12:01:39Z INFO Terminal] WRITE: Self-hosted runner registration
[2025-03-01 12:01:39Z INFO Terminal] WRITE LINE:                         |
[2025-03-01 12:01:39Z INFO Terminal] WRITE LINE: |                                                                              |
[2025-03-01 12:01:39Z INFO Terminal] WRITE LINE: --------------------------------------------------------------------------------
[2025-03-01 12:01:39Z INFO ConfigurationManager] ConfigureAsync
[2025-03-01 12:01:39Z INFO CommandSettings] Flag 'generateServiceConfig': 'False'
[2025-03-01 12:01:39Z INFO ConfigurationStore] IsConfigured()
[2025-03-01 12:01:39Z INFO ConfigurationStore] IsConfigured: False
[2025-03-01 12:01:39Z INFO ConfigurationManager] Is configured: False
[2025-03-01 12:01:39Z INFO CommandSettings] Arg 'url': 'https://github.com/willokko/character-sheet-editor'
[2025-03-01 12:01:39Z INFO CommandSettings] Remove url from Arg dictionary.
[2025-03-01 12:01:39Z INFO CommandSettings] Arg 'token': '***'
[2025-03-01 12:01:39Z INFO CommandSettings] Remove token from Arg dictionary.
[2025-03-01 12:01:39Z INFO ConfigurationManager] Http response code: OK from 'POST https://api.github.com/actions/runner-registration' (345F:9848E:6DD474:8EE6C9:67C2F74F)
[2025-03-01 12:01:39Z INFO ConfigurationManager] Using V2 flow: False
[2025-03-01 12:01:39Z INFO ConfigurationManager] cred retrieved via GitHub auth
[2025-03-01 12:01:39Z INFO RunnerServer] EstablishVssConnection
[2025-03-01 12:01:39Z INFO RunnerServer] Establish connection with 100 seconds timeout.
[2025-03-01 12:01:39Z INFO GitHubActionsService] Starting operation Location.GetConnectionData
[2025-03-01 12:01:39Z INFO RunnerServer] EstablishVssConnection
[2025-03-01 12:01:39Z INFO RunnerServer] Establish connection with 60 seconds timeout.
[2025-03-01 12:01:39Z INFO GitHubActionsService] Starting operation Location.GetConnectionData
[2025-03-01 12:01:39Z INFO RunnerServer] EstablishVssConnection
[2025-03-01 12:01:39Z INFO RunnerServer] Establish connection with 60 seconds timeout.
[2025-03-01 12:01:39Z INFO GitHubActionsService] Starting operation Location.GetConnectionData
[2025-03-01 12:01:40Z INFO GitHubActionsService] Finished operation Location.GetConnectionData
[2025-03-01 12:01:40Z INFO GitHubActionsService] Finished operation Location.GetConnectionData
[2025-03-01 12:01:40Z INFO GitHubActionsService] Finished operation Location.GetConnectionData
[2025-03-01 12:01:40Z INFO Terminal] WRITE LINE: 
[2025-03-01 12:01:40Z INFO ConfigurationManager] Test Connection complete.
[2025-03-01 12:01:40Z INFO HostContext] Well known directory 'Bin': 'C:\Users\José Wilson\OneDrive\Documentos\codes\commit\character-sheet-editor\actions-runner\bin'
[2025-03-01 12:01:40Z INFO HostContext] Well known directory 'Root': 'C:\Users\José Wilson\OneDrive\Documentos\codes\commit\character-sheet-editor\actions-runner'
[2025-03-01 12:01:40Z INFO HostContext] Well known config file 'RSACredentials': 'C:\Users\José Wilson\OneDrive\Documentos\codes\commit\character-sheet-editor\actions-runner\.credentials_rsaparams'
[2025-03-01 12:01:40Z INFO RSAEncryptedFileKeyManager] Creating new RSA key using 2048-bit key length
[2025-03-01 12:01:40Z INFO RSAEncryptedFileKeyManager] Successfully saved RSA key parameters to file C:\Users\José Wilson\OneDrive\Documentos\codes\commit\character-sheet-editor\actions-runner\.credentials_rsaparams
[2025-03-01 12:01:40Z INFO CommandSettings] Arg 'runnergroup': ''
[2025-03-01 12:01:40Z INFO CommandSettings] Flag 'unattended': 'False'
[2025-03-01 12:01:40Z INFO PromptManager] ReadValue
[2025-03-01 12:01:40Z INFO Terminal] WRITE: Enter the name of the runner group to add this runner to: 
[2025-03-01 12:01:40Z INFO Terminal] WRITE: [press Enter for Default] 
[2025-03-01 12:01:40Z INFO Terminal] READ LINE
[2025-03-01 12:02:05Z INFO Terminal] Read value: ''
[2025-03-01 12:02:05Z INFO PromptManager] Falling back to the default: 'Default'
[2025-03-01 12:02:05Z INFO Terminal] WRITE LINE: 
[2025-03-01 12:02:05Z INFO ConfigurationManager] Found a self-hosted runner group with id 1 and name Default
[2025-03-01 12:02:05Z INFO CommandSettings] Flag 'disableupdate': 'False'
[2025-03-01 12:02:05Z INFO CommandSettings] Flag 'ephemeral': 'False'
[2025-03-01 12:02:05Z INFO CommandSettings] Arg 'name': ''
[2025-03-01 12:02:05Z INFO CommandSettings] Flag 'unattended': 'False'
[2025-03-01 12:02:05Z INFO PromptManager] ReadValue
[2025-03-01 12:02:05Z INFO Terminal] WRITE: Enter the name of runner: 
[2025-03-01 12:02:05Z INFO Terminal] WRITE: [press Enter for DESKTOP-L87PPM5] 
[2025-03-01 12:02:05Z INFO Terminal] READ LINE
[2025-03-01 12:02:07Z INFO Terminal] Read value: ''
[2025-03-01 12:02:07Z INFO PromptManager] Falling back to the default: 'DESKTOP-L87PPM5'
[2025-03-01 12:02:07Z INFO Terminal] WRITE LINE: 
[2025-03-01 12:02:07Z INFO CommandSettings] Arg 'labels': ''
[2025-03-01 12:02:07Z INFO CommandSettings] Flag 'unattended': 'False'
[2025-03-01 12:02:07Z INFO PromptManager] ReadValue
[2025-03-01 12:02:07Z INFO Terminal] WRITE: This runner will have the following labels: 'self-hosted', 'Windows', 'X64' 
Enter any additional labels (ex. label-1,label-2): 
[2025-03-01 12:02:07Z INFO Terminal] WRITE: [press Enter to skip] 
[2025-03-01 12:02:07Z INFO Terminal] READ LINE
[2025-03-01 12:02:09Z INFO Terminal] Read value: ''
[2025-03-01 12:02:09Z INFO Terminal] WRITE LINE: 
[2025-03-01 12:02:09Z INFO CommandSettings] Flag 'disableupdate': 'False'
[2025-03-01 12:02:09Z INFO CommandSettings] Flag 'no-default-labels': 'False'
[2025-03-01 12:02:10Z INFO CommandSettings] Flag 'disableupdate': 'False'
[2025-03-01 12:02:10Z INFO CommandSettings] Flag 'ephemeral': 'False'
[2025-03-01 12:02:10Z INFO ConfigurationStore] Saving OAuth credential @ C:\Users\José Wilson\OneDrive\Documentos\codes\commit\character-sheet-editor\actions-runner\.credentials
[2025-03-01 12:02:10Z INFO ConfigurationStore] Credentials Saved.
[2025-03-01 12:02:10Z INFO ConfigurationStore] HasCredentials()
[2025-03-01 12:02:10Z INFO ConfigurationStore] stored True
[2025-03-01 12:02:10Z INFO CredentialManager] GetCredentialProvider
[2025-03-01 12:02:10Z INFO CredentialManager] Creating type OAuth
[2025-03-01 12:02:10Z INFO CredentialManager] Creating credential type: OAuth
[2025-03-01 12:02:10Z INFO RSAEncryptedFileKeyManager] Loading RSA key parameters from file C:\Users\José Wilson\OneDrive\Documentos\codes\commit\character-sheet-editor\actions-runner\.credentials_rsaparams
[2025-03-01 12:02:10Z INFO RunnerServer] EstablishVssConnection
[2025-03-01 12:02:10Z INFO RunnerServer] Establish connection with 100 seconds timeout.
[2025-03-01 12:02:10Z INFO GitHubActionsService] Starting operation Location.GetConnectionData
[2025-03-01 12:02:10Z INFO RunnerServer] EstablishVssConnection
[2025-03-01 12:02:10Z INFO RunnerServer] Establish connection with 60 seconds timeout.
[2025-03-01 12:02:10Z INFO GitHubActionsService] Starting operation Location.GetConnectionData
[2025-03-01 12:02:10Z INFO RunnerServer] EstablishVssConnection
[2025-03-01 12:02:10Z INFO RunnerServer] Establish connection with 60 seconds timeout.
[2025-03-01 12:02:10Z INFO GitHubActionsService] Starting operation Location.GetConnectionData
[2025-03-01 12:02:10Z INFO GitHubActionsService] Finished operation Location.GetConnectionData
[2025-03-01 12:02:10Z INFO GitHubActionsService] Finished operation Location.GetConnectionData
[2025-03-01 12:02:10Z INFO GitHubActionsService] Finished operation Location.GetConnectionData
[2025-03-01 12:02:10Z INFO RSAEncryptedFileKeyManager] Loading RSA key parameters from file C:\Users\José Wilson\OneDrive\Documentos\codes\commit\character-sheet-editor\actions-runner\.credentials_rsaparams
[2025-03-01 12:02:10Z INFO RSAEncryptedFileKeyManager] Loading RSA key parameters from file C:\Users\José Wilson\OneDrive\Documentos\codes\commit\character-sheet-editor\actions-runner\.credentials_rsaparams
[2025-03-01 12:02:11Z INFO GitHubActionsService] AAD Correlation ID for this token request: Unknown
[2025-03-01 12:02:11Z INFO CommandSettings] Arg 'work': ''
[2025-03-01 12:02:11Z INFO CommandSettings] Flag 'unattended': 'False'
[2025-03-01 12:02:11Z INFO PromptManager] ReadValue
[2025-03-01 12:02:11Z INFO Terminal] WRITE: Enter name of work folder: 
[2025-03-01 12:02:11Z INFO Terminal] WRITE: [press Enter for _work] 
[2025-03-01 12:02:11Z INFO Terminal] READ LINE
[2025-03-01 12:02:13Z INFO Terminal] Read value: ''
[2025-03-01 12:02:13Z INFO PromptManager] Falling back to the default: '_work'
[2025-03-01 12:02:13Z INFO ConfigurationStore] Saving runner settings.
[2025-03-01 12:02:13Z INFO ConfigurationStore] Settings Saved.
[2025-03-01 12:02:13Z INFO Terminal] WRITE LINE: 
[2025-03-01 12:02:13Z INFO Terminal] WRITE LINE: 
[2025-03-01 12:02:13Z INFO CommandSettings] Flag 'runasservice': 'False'
[2025-03-01 12:02:13Z INFO CommandSettings] Flag 'unattended': 'False'
[2025-03-01 12:02:13Z INFO PromptManager] ReadValue
[2025-03-01 12:02:13Z INFO Terminal] WRITE: Would you like to run the runner as service? (Y/N) 
[2025-03-01 12:02:13Z INFO Terminal] WRITE: [press Enter for N] 
[2025-03-01 12:02:13Z INFO Terminal] READ LINE
[2025-03-01 12:02:28Z INFO Terminal] Read value: ''
[2025-03-01 12:02:28Z INFO PromptManager] Falling back to the default: 'N'
[2025-03-01 12:02:28Z INFO Listener] Runner execution has finished with return code 0
