[2025-03-01 12:09:19Z INFO HostContext] No proxy settings were found based on environmental variables (http_proxy/https_proxy/HTTP_PROXY/HTTPS_PROXY)
[2025-03-01 12:09:19Z INFO HostContext] Well known directory 'Bin': 'C:\Users\José Wilson\OneDrive\Documentos\codes\commit\character-sheet-editor\actions-runner\bin'
[2025-03-01 12:09:19Z INFO HostContext] Well known directory 'Root': 'C:\Users\José Wilson\OneDrive\Documentos\codes\commit\character-sheet-editor\actions-runner'
[2025-03-01 12:09:19Z INFO HostContext] Well known config file 'Credentials': 'C:\Users\José Wilson\OneDrive\Documentos\codes\commit\character-sheet-editor\actions-runner\.credentials'
[2025-03-01 12:09:19Z INFO HostContext] Well known directory 'Bin': 'C:\Users\José Wilson\OneDrive\Documentos\codes\commit\character-sheet-editor\actions-runner\bin'
[2025-03-01 12:09:19Z INFO HostContext] Well known directory 'Root': 'C:\Users\José Wilson\OneDrive\Documentos\codes\commit\character-sheet-editor\actions-runner'
[2025-03-01 12:09:19Z INFO HostContext] Well known config file 'Runner': 'C:\Users\José Wilson\OneDrive\Documentos\codes\commit\character-sheet-editor\actions-runner\.runner'
[2025-03-01 12:09:19Z INFO Worker] Version: 2.322.0
[2025-03-01 12:09:19Z INFO Worker] Commit: 0edc478ca75d0a753dcbcec7405f3f26db67b1ac
[2025-03-01 12:09:19Z INFO Worker] Culture: pt-BR
[2025-03-01 12:09:19Z INFO Worker] UI Culture: pt-BR
[2025-03-01 12:09:19Z INFO Worker] Waiting to receive the job message from the channel.
[2025-03-01 12:09:19Z INFO ProcessChannel] Receiving message of length 25801, with hash '2f11568d2aeb19c2912167333a8b46822e6519cdcd39367c80d6a217a8e940ea'
[2025-03-01 12:09:19Z INFO Worker] Message received.
[2025-03-01 12:09:19Z INFO Worker] Job message:
 {
  "fileTable": [
    ".github/workflows/node.js.yml"
  ],
  "mask": [
    {
      "type": "regex",
      "value": "***"
    },
    {
      "type": "regex",
      "value": "***"
    },
    {
      "type": "regex",
      "value": "***"
    },
    {
      "type": "regex",
      "value": "***"
    },
    {
      "type": "regex",
      "value": "***"
    },
    {
      "type": "regex",
      "value": "***"
    },
    {
      "type": "regex",
      "value": "***"
    },
    {
      "type": "regex",
      "value": "***"
    },
    {
      "type": "regex",
      "value": "***"
    },
    {
      "type": "regex",
      "value": "***"
    },
    {
      "type": "regex",
      "value": "***"
    },
    {
      "type": "regex",
      "value": "***"
    },
    {
      "type": "regex",
      "value": "***"
    },
    {
      "type": "regex",
      "value": "***"
    },
    {
      "type": "regex",
      "value": "***"
    },
    {
      "type": "regex",
      "value": "***"
    },
    {
      "type": "regex",
      "value": "***"
    },
    {
      "type": "regex",
      "value": "***"
    },
    {
      "type": "regex",
      "value": "***"
    },
    {
      "type": "regex",
      "value": "***"
    }
  ],
  "steps": [
    {
      "type": "action",
      "reference": {
        "type": "repository",
        "name": "actions/checkout",
        "ref": "v4",
        "repositoryType": "GitHub",
        "path": ""
      },
      "contextName": "__actions_checkout",
      "condition": "success()",
      "id": "c1cf617e-9ff1-5721-2663-394ca3f442fb",
      "name": "__actions_checkout"
    },
    {
      "type": "action",
      "reference": {
        "type": "repository",
        "name": "actions/setup-node",
        "ref": "v4",
        "repositoryType": "GitHub",
        "path": ""
      },
      "displayNameToken": {
        "type": 3,
        "file": 1,
        "line": 24,
        "col": 13,
        "expr": "format('Use Node.js {0}', matrix.node-version)"
      },
      "contextName": "__actions_setup-node",
      "inputs": {
        "type": 2,
        "file": 1,
        "line": 27,
        "col": 9,
        "map": [
          {
            "key": {
              "type": 0,
              "file": 1,
              "line": 27,
              "col": 9,
              "lit": "node-version"
            },
            "value": {
              "type": 3,
              "file": 1,
              "line": 27,
              "col": 23,
              "expr": "matrix.node-version"
            }
          },
          {
            "key": {
              "type": 0,
              "file": 1,
              "line": 28,
              "col": 9,
              "lit": "cache"
            },
            "value": {
              "type": 0,
              "file": 1,
              "line": 28,
              "col": 16,
              "lit": "npm"
            }
          }
        ]
      },
      "condition": "success()",
      "id": "81af5958-2506-5f81-86bf-d8ff71ab8726",
      "name": "__actions_setup-node"
    },
    {
      "type": "action",
      "reference": {
        "type": "script"
      },
      "displayNameToken": {
        "type": 0,
        "file": 1,
        "line": 30,
        "col": 13,
        "lit": "install dependencies"
      },
      "contextName": "__run",
      "inputs": {
        "type": 2,
        "map": [
          {
            "key": "script",
            "value": {
              "type": 0,
              "file": 1,
              "line": 31,
              "col": 12,
              "lit": "npm install"
            }
          }
        ]
      },
      "condition": "success()",
      "id": "127e39e0-e2e6-585b-f771-0cf7c24576d6",
      "name": "__run"
    },
    {
      "type": "action",
      "reference": {
        "type": "script"
      },
      "displayNameToken": {
        "type": 0,
        "file": 1,
        "line": 33,
        "col": 13,
        "lit": "Build project"
      },
      "contextName": "__run_2",
      "inputs": {
        "type": 2,
        "map": [
          {
            "key": "script",
            "value": {
              "type": 0,
              "file": 1,
              "line": 34,
              "col": 12,
              "lit": "npm run build"
            }
          }
        ]
      },
      "condition": "success()",
      "id": "7e46bf8b-de8c-5892-f75e-fa6eac726745",
      "name": "__run_2"
    },
    {
      "type": "action",
      "reference": {
        "type": "script"
      },
      "displayNameToken": {
        "type": 0,
        "file": 1,
        "line": 36,
        "col": 13,
        "lit": "Start Server"
      },
      "contextName": "__run_3",
      "inputs": {
        "type": 2,
        "map": [
          {
            "key": "script",
            "value": {
              "type": 0,
              "file": 1,
              "line": 37,
              "col": 12,
              "lit": "cd backend; node server.js"
            }
          }
        ]
      },
      "condition": "success()",
      "id": "8d4cd5ce-60bc-54e8-ec67-e395f7ae39ee",
      "name": "__run_3"
    },
    {
      "type": "action",
      "reference": {
        "type": "script"
      },
      "displayNameToken": {
        "type": 0,
        "file": 1,
        "line": 39,
        "col": 13,
        "lit": "Start frontend"
      },
      "contextName": "__run_4",
      "inputs": {
        "type": 2,
        "map": [
          {
            "key": "script",
            "value": {
              "type": 0,
              "file": 1,
              "line": 40,
              "col": 12,
              "lit": "cd ..; cd frontend; npm start"
            }
          }
        ]
      },
      "condition": "success()",
      "id": "dafc0233-3367-5d70-38d4-bdd6f91c49c0",
      "name": "__run_4"
    }
  ],
  "variables": {
    "system.isScheduled": {
      "value": "False"
    },
    "system.servertype": {
      "value": "Hosted"
    },
    "system.culture": {
      "value": ""
    },
    "system.pipelineStartTime": {
      "value": "2025-03-01 12:10:01+00:00"
    },
    "system.runner.lowdiskspacethreshold": {
      "value": "100"
    },
    "DistributedTask.NewActionMetadata": {
      "value": "true"
    },
    "DistributedTask.EnableCompositeActions": {
      "value": "true"
    },
    "DistributedTask.EnhancedAnnotations": {
      "value": "true"
    },
    "DistributedTask.UploadStepSummary": {
      "value": "true"
    },
    "DistributedTask.ForceGithubJavascriptActionsToNode16": {
      "value": "true"
    },
    "DistributedTask.ForceGithubJavascriptActionsToNode20": {
      "value": "true"
    },
    "DistributedTask.AddWarningToNode12Action": {
      "value": "true"
    },
    "DistributedTask.AddWarningToNode16Action": {
      "value": "true"
    },
    "DistributedTask.LogTemplateErrorsAsDebugMessages": {
      "value": "true"
    },
    "DistributedTask.AllowRunnerContainerHooks": {
      "value": "true"
    },
    "DistributedTask.DeprecateStepOutputCommands": {
      "value": "true"
    },
    "DistributedTask.UseWhich2": {
      "value": "true"
    },
    "DistributedTask.DetailUntarFailure": {
      "value": "true"
    },
    "DistributedTask.UseActionArchiveCache": {
      "value": "true"
    },
    "DistributedTask.EnableJobServerQueueTelemetry": {
      "value": "true"
    },
    "DistributedTask.MarkJobAsFailedOnWorkerCrash": {
      "value": "true"
    },
    "Actions.EnableHttpRedirects": {
      "value": "true"
    },
    "system.teamProjectId": {
      "value": "00000000-0000-0000-0000-000000000000"
    },
    "build.buildId": {
      "value": "3"
    },
    "build.containerId": {
      "value": "32738414"
    },
    "build.allowCreateArtifacts": {
      "value": "False"
    },
    "system.workflowFilePath": {
      "value": ".github/workflows/node.js.yml"
    },
    "system.phaseDisplayName": {
      "value": "build"
    },
    "system.phaseId": {
      "value": "6884a131-87da-5381-61f3-d7acc3b91d76"
    },
    "system.phaseName": {
      "value": "build"
    },
    "system.phaseAttempt": {
      "value": "1"
    },
    "system.jobIdentifier": {
      "value": "build._20_x"
    },
    "system.jobAttempt": {
      "value": "1"
    },
    "System.JobPositionInPhase": {
      "value": "2"
    },
    "System.TotalJobsInPhase": {
      "value": "3"
    },
    "system.github.job": {
      "value": "build"
    },
    "system.jobDisplayName": {
      "value": "build (20.x)"
    },
    "system.jobId": {
      "value": "ae5d326c-2fcb-5a99-b864-cfac23409180"
    },
    "system.jobName": {
      "value": "_20_x"
    },
    "system.github.token.permissions": {
      "value": "{\"Contents\":\"read\",\"Metadata\":\"read\",\"Packages\":\"read\"}"
    },
    "system.github.token": {
      "value": "***",
      "isSecret": true
    },
    "system.runnerEnvironment": {
      "value": "self-hosted"
    },
    "system.github.results_endpoint": {
      "value": "https://results-receiver.actions.githubusercontent.com/"
    },
    "system.github.results_upload_with_sdk": {
      "value": "True"
    },
    "actions_uses_cache_service_v2": {
      "value": "True"
    },
    "system.testDotNet8Compatibility": {
      "value": "true"
    },
    "system.dotNet8CompatibilityOutputLength": {
      "value": "200"
    },
    "system.dotNet8CompatibilityOutputPattern": {
      "value": "GLIBCXX"
    },
    "system.dotNet8CompatibilityWarning": {
      "value": "The Actions runner will no longer support your OS version on November 1, 2024. Please upgrade to a supported version. For information, refer https://github.blog/changelog/2024-08-19-notice-of-upcoming-deprecations-and-breaking-changes-in-github-actions-runners/"
    },
    "system.orchestrationId": {
      "value": "32c19ca5-d20e-4047-b8c0-6d60891df51c.build._20_x"
    },
    "system.runnerGroupName": {
      "value": "Default"
    }
  },
  "messageType": "PipelineAgentJobRequest",
  "plan": {
    "scopeIdentifier": "00000000-0000-0000-0000-000000000000",
    "planType": "Actions",
    "version": 41,
    "planId": "32c19ca5-d20e-4047-b8c0-6d60891df51c",
    "planGroup": "Actions:00000000-0000-0000-0000-000000000000:1",
    "artifactUri": "vstfs:///Build/Build/3",
    "artifactLocation": null,
    "definition": {
      "_links": {},
      "id": 3,
      "name": "character-sheet-editor"
    },
    "owner": {
      "_links": {},
      "id": 3,
      "name": "willokko"
    }
  },
  "timeline": {
    "id": "32c19ca5-d20e-4047-b8c0-6d60891df51c",
    "changeId": 0,
    "location": null
  },
  "jobId": "ae5d326c-2fcb-5a99-b864-cfac23409180",
  "jobDisplayName": "build (20.x)",
  "jobName": "_20_x",
  "requestId": 8,
  "lockedUntil": "0001-01-01T00:00:00",
  "resources": {
    "endpoints": [
      {
        "data": {
          "ServerId": "d154bd3a-711e-4324-a5b6-7acd7d95b173",
          "ServerName": "gmrwW9Pkm9IO0nE2CCbhTebX6xiivCsNQBbW397kC0eqrRNG5X",
          "CacheServerUrl": "https://acghubeus1.actions.githubusercontent.com/gmrwW9Pkm9IO0nE2CCbhTebX6xiivCsNQBbW397kC0eqrRNG5X/",
          "FeedStreamUrl": "https://results-receiver.actions.githubusercontent.com/_ws/ingest.sock",
          "ResultsServiceUrl": "https://results-receiver.actions.githubusercontent.com/",
          "ConnectivityChecks": "[\"https://acghubeus0.actions.githubusercontent.com/_apis/health\",\"https://results-receiver.actions.githubusercontent.com/health\",\"https://pkg.actions.githubusercontent.com/health\",\"https://actions-results-receiver-production.githubapp.com/health\",\"https://pipelinesghubeus12.actions.githubusercontent.com/_apis/health\"]"
        },
        "name": "SystemVssConnection",
        "url": "https://pipelinesghubeus12.actions.githubusercontent.com/gmrwW9Pkm9IO0nE2CCbhTebX6xiivCsNQBbW397kC0eqrRNG5X/",
        "authorization": {
          "parameters": {
            "AccessToken": ***
          },
          "scheme": "OAuth"
        },
        "isShared": false,
        "isReady": true
      }
    ]
  },
  "contextData": {
    "github": {
      "t": 2,
      "d": [
        {
          "k": "ref",
          "v": "refs/heads/main"
        },
        {
          "k": "sha",
          "v": "314f54d2e358b61a5fe0810b5a45570bfc7decd0"
        },
        {
          "k": "repository",
          "v": "willokko/character-sheet-editor"
        },
        {
          "k": "repository_owner",
          "v": "willokko"
        },
        {
          "k": "repository_owner_id",
          "v": "143515354"
        },
        {
          "k": "repositoryUrl",
          "v": "git://github.com/willokko/character-sheet-editor.git"
        },
        {
          "k": "run_id",
          "v": "13604603300"
        },
        {
          "k": "run_number",
          "v": "3"
        },
        {
          "k": "retention_days",
          "v": "90"
        },
        {
          "k": "run_attempt",
          "v": "1"
        },
        {
          "k": "artifact_cache_size_limit",
          "v": "10"
        },
        {
          "k": "repository_visibility",
          "v": "public"
        },
        {
          "k": "repo-self-hosted-runners-disabled",
          "v": false
        },
        {
          "k": "enterprise-managed-business-id",
          "v": ""
        },
        {
          "k": "repository_id",
          "v": "940862971"
        },
        {
          "k": "actor_id",
          "v": "143515354"
        },
        {
          "k": "actor",
          "v": "willokko"
        },
        {
          "k": "triggering_actor",
          "v": "willokko"
        },
        {
          "k": "workflow",
          "v": "Node.js CI"
        },
        {
          "k": "head_ref",
          "v": ""
        },
        {
          "k": "base_ref",
          "v": ""
        },
        {
          "k": "event_name",
          "v": "push"
        },
        {
          "k": "event",
          "v": {
            "t": 2,
            "d": [
              {
                "k": "after",
                "v": "314f54d2e358b61a5fe0810b5a45570bfc7decd0"
              },
              {
                "k": "base_ref",
                "v": null
              },
              {
                "k": "before",
                "v": "33467c2bd47fed3382a47e5ed123826086d249fe"
              },
              {
                "k": "commits",
                "v": {
                  "t": 1,
                  "a": [
                    {
                      "t": 2,
                      "d": [
                        {
                          "k": "author",
                          "v": {
                            "t": 2,
                            "d": [
                              {
                                "k": "email",
                                "v": "143515354+willokko@users.noreply.github.com"
                              },
                              {
                                "k": "name",
                                "v": "willokko"
                              },
                              {
                                "k": "username",
                                "v": "willokko"
                              }
                            ]
                          }
                        },
                        {
                          "k": "committer",
                          "v": {
                            "t": 2,
                            "d": [
                              {
                                "k": "email",
                                "v": "noreply@github.com"
                              },
                              {
                                "k": "name",
                                "v": "GitHub"
                              },
                              {
                                "k": "username",
                                "v": "web-flow"
                              }
                            ]
                          }
                        },
                        {
                          "k": "distinct",
                          "v": true
                        },
                        {
                          "k": "id",
                          "v": "314f54d2e358b61a5fe0810b5a45570bfc7decd0"
                        },
                        {
                          "k": "message",
                          "v": "Update node.js.yml"
                        },
                        {
                          "k": "timestamp",
                          "v": "2025-03-01T09:09:21-03:00"
                        },
                        {
                          "k": "tree_id",
                          "v": "bd1ec3350b77b415cee7ba7f5e23eca11858eaba"
                        },
                        {
                          "k": "url",
                          "v": "https://github.com/willokko/character-sheet-editor/commit/314f54d2e358b61a5fe0810b5a45570bfc7decd0"
                        }
                      ]
                    }
                  ]
                }
              },
              {
                "k": "compare",
                "v": "https://github.com/willokko/character-sheet-editor/compare/33467c2bd47f...314f54d2e358"
              },
              {
                "k": "created",
                "v": false
              },
              {
                "k": "deleted",
                "v": false
              },
              {
                "k": "forced",
                "v": false
              },
              {
                "k": "head_commit",
                "v": {
                  "t": 2,
                  "d": [
                    {
                      "k": "author",
                      "v": {
                        "t": 2,
                        "d": [
                          {
                            "k": "email",
                            "v": "143515354+willokko@users.noreply.github.com"
                          },
                          {
                            "k": "name",
                            "v": "willokko"
                          },
                          {
                            "k": "username",
                            "v": "willokko"
                          }
                        ]
                      }
                    },
                    {
                      "k": "committer",
                      "v": {
                        "t": 2,
                        "d": [
                          {
                            "k": "email",
                            "v": "noreply@github.com"
                          },
                          {
                            "k": "name",
                            "v": "GitHub"
                          },
                          {
                            "k": "username",
                            "v": "web-flow"
                          }
                        ]
                      }
                    },
                    {
                      "k": "distinct",
                      "v": true
                    },
                    {
                      "k": "id",
                      "v": "314f54d2e358b61a5fe0810b5a45570bfc7decd0"
                    },
                    {
                      "k": "message",
                      "v": "Update node.js.yml"
                    },
                    {
                      "k": "timestamp",
                      "v": "2025-03-01T09:09:21-03:00"
                    },
                    {
                      "k": "tree_id",
                      "v": "bd1ec3350b77b415cee7ba7f5e23eca11858eaba"
                    },
                    {
                      "k": "url",
                      "v": "https://github.com/willokko/character-sheet-editor/commit/314f54d2e358b61a5fe0810b5a45570bfc7decd0"
                    }
                  ]
                }
              },
              {
                "k": "pusher",
                "v": {
                  "t": 2,
                  "d": [
                    {
                      "k": "email",
                      "v": "143515354+willokko@users.noreply.github.com"
                    },
                    {
                      "k": "name",
                      "v": "willokko"
                    }
                  ]
                }
              },
              {
                "k": "ref",
                "v": "refs/heads/main"
              },
              {
                "k": "repository",
                "v": {
                  "t": 2,
                  "d": [
                    {
                      "k": "allow_forking",
                      "v": true
                    },
                    {
                      "k": "archive_url",
                      "v": "https://api.github.com/repos/willokko/character-sheet-editor/{archive_format}{/ref}"
                    },
                    {
                      "k": "archived",
                      "v": false
                    },
                    {
                      "k": "assignees_url",
                      "v": "https://api.github.com/repos/willokko/character-sheet-editor/assignees{/user}"
                    },
                    {
                      "k": "blobs_url",
                      "v": "https://api.github.com/repos/willokko/character-sheet-editor/git/blobs{/sha}"
                    },
                    {
                      "k": "branches_url",
                      "v": "https://api.github.com/repos/willokko/character-sheet-editor/branches{/branch}"
                    },
                    {
                      "k": "clone_url",
                      "v": "https://github.com/willokko/character-sheet-editor.git"
                    },
                    {
                      "k": "collaborators_url",
                      "v": "https://api.github.com/repos/willokko/character-sheet-editor/collaborators{/collaborator}"
                    },
                    {
                      "k": "comments_url",
                      "v": "https://api.github.com/repos/willokko/character-sheet-editor/comments{/number}"
                    },
                    {
                      "k": "commits_url",
                      "v": "https://api.github.com/repos/willokko/character-sheet-editor/commits{/sha}"
                    },
                    {
                      "k": "compare_url",
                      "v": "https://api.github.com/repos/willokko/character-sheet-editor/compare/{base}...{head}"
                    },
                    {
                      "k": "contents_url",
                      "v": "https://api.github.com/repos/willokko/character-sheet-editor/contents/{+path}"
                    },
                    {
                      "k": "contributors_url",
                      "v": "https://api.github.com/repos/willokko/character-sheet-editor/contributors"
                    },
                    {
                      "k": "created_at",
                      "v": 1740786975.0
                    },
                    {
                      "k": "default_branch",
                      "v": "main"
                    },
                    {
                      "k": "deployments_url",
                      "v": "https://api.github.com/repos/willokko/character-sheet-editor/deployments"
                    },
                    {
                      "k": "description",
                      "v": "Criação de personagem para RPGs"
                    },
                    {
                      "k": "disabled",
                      "v": false
                    },
                    {
                      "k": "downloads_url",
                      "v": "https://api.github.com/repos/willokko/character-sheet-editor/downloads"
                    },
                    {
                      "k": "events_url",
                      "v": "https://api.github.com/repos/willokko/character-sheet-editor/events"
                    },
                    {
                      "k": "fork",
                      "v": false
                    },
                    {
                      "k": "forks",
                      "v": 0.0
                    },
                    {
                      "k": "forks_count",
                      "v": 0.0
                    },
                    {
                      "k": "forks_url",
                      "v": "https://api.github.com/repos/willokko/character-sheet-editor/forks"
                    },
                    {
                      "k": "full_name",
                      "v": "willokko/character-sheet-editor"
                    },
                    {
                      "k": "git_commits_url",
                      "v": "https://api.github.com/repos/willokko/character-sheet-editor/git/commits{/sha}"
                    },
                    {
                      "k": "git_refs_url",
                      "v": "https://api.github.com/repos/willokko/character-sheet-editor/git/refs{/sha}"
                    },
                    {
                      "k": "git_tags_url",
                      "v": "https://api.github.com/repos/willokko/character-sheet-editor/git/tags{/sha}"
                    },
                    {
                      "k": "git_url",
                      "v": "git://github.com/willokko/character-sheet-editor.git"
                    },
                    {
                      "k": "has_discussions",
                      "v": false
                    },
                    {
                      "k": "has_downloads",
                      "v": true
                    },
                    {
                      "k": "has_issues",
                      "v": true
                    },
                    {
                      "k": "has_pages",
                      "v": true
                    },
                    {
                      "k": "has_projects",
                      "v": true
                    },
                    {
                      "k": "has_wiki",
                      "v": true
                    },
                    {
                      "k": "homepage",
                      "v": null
                    },
                    {
                      "k": "hooks_url",
                      "v": "https://api.github.com/repos/willokko/character-sheet-editor/hooks"
                    },
                    {
                      "k": "html_url",
                      "v": "https://github.com/willokko/character-sheet-editor"
                    },
                    {
                      "k": "id",
                      "v": 940862971.0
                    },
                    {
                      "k": "is_template",
                      "v": false
                    },
                    {
                      "k": "issue_comment_url",
                      "v": "https://api.github.com/repos/willokko/character-sheet-editor/issues/comments{/number}"
                    },
                    {
                      "k": "issue_events_url",
                      "v": "https://api.github.com/repos/willokko/character-sheet-editor/issues/events{/number}"
                    },
                    {
                      "k": "issues_url",
                      "v": "https://api.github.com/repos/willokko/character-sheet-editor/issues{/number}"
                    },
                    {
                      "k": "keys_url",
                      "v": "https://api.github.com/repos/willokko/character-sheet-editor/keys{/key_id}"
                    },
                    {
                      "k": "labels_url",
                      "v": "https://api.github.com/repos/willokko/character-sheet-editor/labels{/name}"
                    },
                    {
                      "k": "language",
                      "v": "JavaScript"
                    },
                    {
                      "k": "languages_url",
                      "v": "https://api.github.com/repos/willokko/character-sheet-editor/languages"
                    },
                    {
                      "k": "license",
                      "v": null
                    },
                    {
                      "k": "master_branch",
                      "v": "main"
                    },
                    {
                      "k": "merges_url",
                      "v": "https://api.github.com/repos/willokko/character-sheet-editor/merges"
                    },
                    {
                      "k": "milestones_url",
                      "v": "https://api.github.com/repos/willokko/character-sheet-editor/milestones{/number}"
                    },
                    {
                      "k": "mirror_url",
                      "v": null
                    },
                    {
                      "k": "name",
                      "v": "character-sheet-editor"
                    },
                    {
                      "k": "node_id",
                      "v": "R_kgDOOBRt-w"
                    },
                    {
                      "k": "notifications_url",
                      "v": "https://api.github.com/repos/willokko/character-sheet-editor/notifications{?since,all,participating}"
                    },
                    {
                      "k": "open_issues",
                      "v": 0.0
                    },
                    {
                      "k": "open_issues_count",
                      "v": 0.0
                    },
                    {
                      "k": "owner",
                      "v": {
                        "t": 2,
                        "d": [
                          {
                            "k": "avatar_url",
                            "v": "https://avatars.githubusercontent.com/u/143515354?v=4"
                          },
                          {
                            "k": "email",
                            "v": "143515354+willokko@users.noreply.github.com"
                          },
                          {
                            "k": "events_url",
                            "v": "https://api.github.com/users/willokko/events{/privacy}"
                          },
                          {
                            "k": "followers_url",
                            "v": "https://api.github.com/users/willokko/followers"
                          },
                          {
                            "k": "following_url",
                            "v": "https://api.github.com/users/willokko/following{/other_user}"
                          },
                          {
                            "k": "gists_url",
                            "v": "https://api.github.com/users/willokko/gists{/gist_id}"
                          },
                          {
                            "k": "gravatar_id",
                            "v": ""
                          },
                          {
                            "k": "html_url",
                            "v": "https://github.com/willokko"
                          },
                          {
                            "k": "id",
                            "v": 143515354.0
                          },
                          {
                            "k": "login",
                            "v": "willokko"
                          },
                          {
                            "k": "name",
                            "v": "willokko"
                          },
                          {
                            "k": "node_id",
                            "v": "U_kgDOCI3e2g"
                          },
                          {
                            "k": "organizations_url",
                            "v": "https://api.github.com/users/willokko/orgs"
                          },
                          {
                            "k": "received_events_url",
                            "v": "https://api.github.com/users/willokko/received_events"
                          },
                          {
                            "k": "repos_url",
                            "v": "https://api.github.com/users/willokko/repos"
                          },
                          {
                            "k": "site_admin",
                            "v": false
                          },
                          {
                            "k": "starred_url",
                            "v": "https://api.github.com/users/willokko/starred{/owner}{/repo}"
                          },
                          {
                            "k": "subscriptions_url",
                            "v": "https://api.github.com/users/willokko/subscriptions"
                          },
                          {
                            "k": "type",
                            "v": "User"
                          },
                          {
                            "k": "url",
                            "v": "https://api.github.com/users/willokko"
                          },
                          {
                            "k": "user_view_type",
                            "v": "public"
                          }
                        ]
                      }
                    },
                    {
                      "k": "private",
                      "v": false
                    },
                    {
                      "k": "pulls_url",
                      "v": "https://api.github.com/repos/willokko/character-sheet-editor/pulls{/number}"
                    },
                    {
                      "k": "pushed_at",
                      "v": 1740830961.0
                    },
                    {
                      "k": "releases_url",
                      "v": "https://api.github.com/repos/willokko/character-sheet-editor/releases{/id}"
                    },
                    {
                      "k": "size",
                      "v": 20107.0
                    },
                    {
                      "k": "ssh_url",
                      "v": "git@github.com:willokko/character-sheet-editor.git"
                    },
                    {
                      "k": "stargazers",
                      "v": 0.0
                    },
                    {
                      "k": "stargazers_count",
                      "v": 0.0
                    },
                    {
                      "k": "stargazers_url",
                      "v": "https://api.github.com/repos/willokko/character-sheet-editor/stargazers"
                    },
                    {
                      "k": "statuses_url",
                      "v": "https://api.github.com/repos/willokko/character-sheet-editor/statuses/{sha}"
                    },
                    {
                      "k": "subscribers_url",
                      "v": "https://api.github.com/repos/willokko/character-sheet-editor/subscribers"
                    },
                    {
                      "k": "subscription_url",
                      "v": "https://api.github.com/repos/willokko/character-sheet-editor/subscription"
                    },
                    {
                      "k": "svn_url",
                      "v": "https://github.com/willokko/character-sheet-editor"
                    },
                    {
                      "k": "tags_url",
                      "v": "https://api.github.com/repos/willokko/character-sheet-editor/tags"
                    },
                    {
                      "k": "teams_url",
                      "v": "https://api.github.com/repos/willokko/character-sheet-editor/teams"
                    },
                    {
                      "k": "topics",
                      "v": {
                        "t": 1
                      }
                    },
                    {
                      "k": "trees_url",
                      "v": "https://api.github.com/repos/willokko/character-sheet-editor/git/trees{/sha}"
                    },
                    {
                      "k": "updated_at",
                      "v": "2025-03-01T12:05:20Z"
                    },
                    {
                      "k": "url",
                      "v": "https://github.com/willokko/character-sheet-editor"
                    },
                    {
                      "k": "visibility",
                      "v": "public"
                    },
                    {
                      "k": "watchers",
                      "v": 0.0
                    },
                    {
                      "k": "watchers_count",
                      "v": 0.0
                    },
                    {
                      "k": "web_commit_signoff_required",
                      "v": false
                    }
                  ]
                }
              },
              {
                "k": "sender",
                "v": {
                  "t": 2,
                  "d": [
                    {
                      "k": "avatar_url",
                      "v": "https://avatars.githubusercontent.com/u/143515354?v=4"
                    },
                    {
                      "k": "events_url",
                      "v": "https://api.github.com/users/willokko/events{/privacy}"
                    },
                    {
                      "k": "followers_url",
                      "v": "https://api.github.com/users/willokko/followers"
                    },
                    {
                      "k": "following_url",
                      "v": "https://api.github.com/users/willokko/following{/other_user}"
                    },
                    {
                      "k": "gists_url",
                      "v": "https://api.github.com/users/willokko/gists{/gist_id}"
                    },
                    {
                      "k": "gravatar_id",
                      "v": ""
                    },
                    {
                      "k": "html_url",
                      "v": "https://github.com/willokko"
                    },
                    {
                      "k": "id",
                      "v": 143515354.0
                    },
                    {
                      "k": "login",
                      "v": "willokko"
                    },
                    {
                      "k": "node_id",
                      "v": "U_kgDOCI3e2g"
                    },
                    {
                      "k": "organizations_url",
                      "v": "https://api.github.com/users/willokko/orgs"
                    },
                    {
                      "k": "received_events_url",
                      "v": "https://api.github.com/users/willokko/received_events"
                    },
                    {
                      "k": "repos_url",
                      "v": "https://api.github.com/users/willokko/repos"
                    },
                    {
                      "k": "site_admin",
                      "v": false
                    },
                    {
                      "k": "starred_url",
                      "v": "https://api.github.com/users/willokko/starred{/owner}{/repo}"
                    },
                    {
                      "k": "subscriptions_url",
                      "v": "https://api.github.com/users/willokko/subscriptions"
                    },
                    {
                      "k": "type",
                      "v": "User"
                    },
                    {
                      "k": "url",
                      "v": "https://api.github.com/users/willokko"
                    },
                    {
                      "k": "user_view_type",
                      "v": "public"
                    }
                  ]
                }
              }
            ]
          }
        },
        {
          "k": "server_url",
          "v": "https://github.com"
        },
        {
          "k": "api_url",
          "v": "https://api.github.com"
        },
        {
          "k": "graphql_url",
          "v": "https://api.github.com/graphql"
        },
        {
          "k": "ref_name",
          "v": "main"
        },
        {
          "k": "ref_protected",
          "v": false
        },
        {
          "k": "ref_type",
          "v": "branch"
        },
        {
          "k": "secret_source",
          "v": "Actions"
        },
        {
          "k": "workflow_ref",
          "v": "willokko/character-sheet-editor/.github/workflows/node.js.yml@refs/heads/main"
        },
        {
          "k": "workflow_sha",
          "v": "314f54d2e358b61a5fe0810b5a45570bfc7decd0"
        }
      ]
    },
    "run-feature-flags": {
      "t": 2,
      "d": [
        {
          "k": "actions_stream_logs_via_results_service",
          "v": true
        },
        {
          "k": "actions_use_results_service",
          "v": true
        },
        {
          "k": "actions_uses_cache_service_v2",
          "v": true
        },
        {
          "k": "block_artifacts_v3_exempted",
          "v": false
        },
        {
          "k": "larger_runners_custom_image_generation",
          "v": false
        }
      ]
    },
    "partialrerun": false,
    "needs": {
      "t": 2
    },
    "vars": null,
    "inputs": {
      "t": 2
    },
    "matrix": {
      "t": 2,
      "d": [
        {
          "k": "node-version",
          "v": "20.x"
        }
      ]
    },
    "strategy": {
      "t": 2,
      "d": [
        {
          "k": "fail-fast",
          "v": true
        },
        {
          "k": "job-index",
          "v": 1.0
        },
        {
          "k": "job-total",
          "v": 3.0
        },
        {
          "k": "max-parallel",
          "v": 3.0
        }
      ]
    },
    "EndpointsOverride": null
  }
}
[2025-03-01 12:09:19Z INFO JobRunner] Job ID ae5d326c-2fcb-5a99-b864-cfac23409180
[2025-03-01 12:09:19Z INFO ConfigurationStore] currentAssemblyLocation: C:\Users\José Wilson\OneDrive\Documentos\codes\commit\character-sheet-editor\actions-runner\bin\Runner.Worker.dll
[2025-03-01 12:09:19Z INFO HostContext] Well known directory 'Bin': 'C:\Users\José Wilson\OneDrive\Documentos\codes\commit\character-sheet-editor\actions-runner\bin'
[2025-03-01 12:09:19Z INFO ConfigurationStore] binPath: C:\Users\José Wilson\OneDrive\Documentos\codes\commit\character-sheet-editor\actions-runner\bin
[2025-03-01 12:09:19Z INFO HostContext] Well known directory 'Bin': 'C:\Users\José Wilson\OneDrive\Documentos\codes\commit\character-sheet-editor\actions-runner\bin'
[2025-03-01 12:09:19Z INFO HostContext] Well known directory 'Root': 'C:\Users\José Wilson\OneDrive\Documentos\codes\commit\character-sheet-editor\actions-runner'
[2025-03-01 12:09:19Z INFO ConfigurationStore] RootFolder: C:\Users\José Wilson\OneDrive\Documentos\codes\commit\character-sheet-editor\actions-runner
[2025-03-01 12:09:19Z INFO HostContext] Well known directory 'Bin': 'C:\Users\José Wilson\OneDrive\Documentos\codes\commit\character-sheet-editor\actions-runner\bin'
[2025-03-01 12:09:19Z INFO HostContext] Well known directory 'Root': 'C:\Users\José Wilson\OneDrive\Documentos\codes\commit\character-sheet-editor\actions-runner'
[2025-03-01 12:09:19Z INFO HostContext] Well known config file 'Runner': 'C:\Users\José Wilson\OneDrive\Documentos\codes\commit\character-sheet-editor\actions-runner\.runner'
[2025-03-01 12:09:19Z INFO ConfigurationStore] ConfigFilePath: C:\Users\José Wilson\OneDrive\Documentos\codes\commit\character-sheet-editor\actions-runner\.runner
[2025-03-01 12:09:19Z INFO HostContext] Well known directory 'Bin': 'C:\Users\José Wilson\OneDrive\Documentos\codes\commit\character-sheet-editor\actions-runner\bin'
[2025-03-01 12:09:19Z INFO HostContext] Well known directory 'Root': 'C:\Users\José Wilson\OneDrive\Documentos\codes\commit\character-sheet-editor\actions-runner'
[2025-03-01 12:09:19Z INFO HostContext] Well known config file 'Credentials': 'C:\Users\José Wilson\OneDrive\Documentos\codes\commit\character-sheet-editor\actions-runner\.credentials'
[2025-03-01 12:09:19Z INFO ConfigurationStore] CredFilePath: C:\Users\José Wilson\OneDrive\Documentos\codes\commit\character-sheet-editor\actions-runner\.credentials
[2025-03-01 12:09:19Z INFO HostContext] Well known directory 'Bin': 'C:\Users\José Wilson\OneDrive\Documentos\codes\commit\character-sheet-editor\actions-runner\bin'
[2025-03-01 12:09:19Z INFO HostContext] Well known directory 'Root': 'C:\Users\José Wilson\OneDrive\Documentos\codes\commit\character-sheet-editor\actions-runner'
[2025-03-01 12:09:19Z INFO HostContext] Well known config file 'MigratedCredentials': 'C:\Users\José Wilson\OneDrive\Documentos\codes\commit\character-sheet-editor\actions-runner\.credentials_migrated'
[2025-03-01 12:09:19Z INFO ConfigurationStore] MigratedCredFilePath: C:\Users\José Wilson\OneDrive\Documentos\codes\commit\character-sheet-editor\actions-runner\.credentials_migrated
[2025-03-01 12:09:19Z INFO HostContext] Well known directory 'Bin': 'C:\Users\José Wilson\OneDrive\Documentos\codes\commit\character-sheet-editor\actions-runner\bin'
[2025-03-01 12:09:19Z INFO HostContext] Well known directory 'Root': 'C:\Users\José Wilson\OneDrive\Documentos\codes\commit\character-sheet-editor\actions-runner'
[2025-03-01 12:09:19Z INFO HostContext] Well known config file 'Service': 'C:\Users\José Wilson\OneDrive\Documentos\codes\commit\character-sheet-editor\actions-runner\.service'
[2025-03-01 12:09:19Z INFO ConfigurationStore] ServiceConfigFilePath: C:\Users\José Wilson\OneDrive\Documentos\codes\commit\character-sheet-editor\actions-runner\.service
[2025-03-01 12:09:19Z INFO ConfigurationStore] Read setting file: 322 chars
[2025-03-01 12:09:19Z INFO JobRunner] Creating job server with URL: https://pipelinesghubeus12.actions.githubusercontent.com/gmrwW9Pkm9IO0nE2CCbhTebX6xiivCsNQBbW397kC0eqrRNG5X/
[2025-03-01 12:09:19Z INFO GitHubActionsService] Starting operation Location.GetConnectionData
[2025-03-01 12:09:19Z INFO Worker] Listening for cancel message from the channel.
[2025-03-01 12:09:19Z INFO Worker] Waiting for the job to complete or for a cancel message from the channel.
[2025-03-01 12:09:20Z INFO GitHubActionsService] Finished operation Location.GetConnectionData
[2025-03-01 12:09:20Z INFO JobServer] Creating websocket client ...wss://results-receiver.actions.githubusercontent.com/_ws/ingest.sock
[2025-03-01 12:09:20Z INFO JobServer] Attempting to start websocket client with delay 00:00:00.
[2025-03-01 12:09:20Z INFO JobServerQueue] Initializing results client
[2025-03-01 12:09:20Z INFO JobServerQueue] Start process web console line queue.
[2025-03-01 12:09:20Z INFO JobServerQueue] Start process file upload queue.
[2025-03-01 12:09:20Z INFO JobServerQueue] Start results file upload queue.
[2025-03-01 12:09:20Z INFO JobServerQueue] Starting results-based upload queue...
[2025-03-01 12:09:20Z INFO JobServerQueue] Start process timeline update queue.
[2025-03-01 12:09:20Z INFO ExecutionContext] Initialize GitHub context
[2025-03-01 12:09:20Z INFO ExecutionContext] Initialize Env context
[2025-03-01 12:09:20Z INFO HostContext] Well known directory 'Bin': 'C:\Users\José Wilson\OneDrive\Documentos\codes\commit\character-sheet-editor\actions-runner\bin'
[2025-03-01 12:09:20Z INFO HostContext] Well known directory 'Root': 'C:\Users\José Wilson\OneDrive\Documentos\codes\commit\character-sheet-editor\actions-runner'
[2025-03-01 12:09:20Z INFO HostContext] Well known directory 'Diag': 'C:\Users\José Wilson\OneDrive\Documentos\codes\commit\character-sheet-editor\actions-runner\_diag'
[2025-03-01 12:09:20Z INFO HostContext] Well known directory 'Bin': 'C:\Users\José Wilson\OneDrive\Documentos\codes\commit\character-sheet-editor\actions-runner\bin'
[2025-03-01 12:09:20Z INFO HostContext] Well known directory 'Root': 'C:\Users\José Wilson\OneDrive\Documentos\codes\commit\character-sheet-editor\actions-runner'
[2025-03-01 12:09:20Z INFO HostContext] Well known directory 'Diag': 'C:\Users\José Wilson\OneDrive\Documentos\codes\commit\character-sheet-editor\actions-runner\_diag'
[2025-03-01 12:09:20Z INFO JobRunner] Starting the job execution context.
[2025-03-01 12:09:20Z INFO HostContext] Well known directory 'Bin': 'C:\Users\José Wilson\OneDrive\Documentos\codes\commit\character-sheet-editor\actions-runner\bin'
[2025-03-01 12:09:20Z INFO HostContext] Well known directory 'Root': 'C:\Users\José Wilson\OneDrive\Documentos\codes\commit\character-sheet-editor\actions-runner'
[2025-03-01 12:09:20Z INFO HostContext] Well known directory 'Work': 'C:\Users\José Wilson\OneDrive\Documentos\codes\commit\character-sheet-editor\actions-runner\_work'
[2025-03-01 12:09:20Z INFO JobRunner] Validating directory permissions for: 'C:\Users\José Wilson\OneDrive\Documentos\codes\commit\character-sheet-editor\actions-runner\_work'
[2025-03-01 12:09:20Z INFO HostContext] Well known directory 'Bin': 'C:\Users\José Wilson\OneDrive\Documentos\codes\commit\character-sheet-editor\actions-runner\bin'
[2025-03-01 12:09:20Z INFO HostContext] Well known directory 'Root': 'C:\Users\José Wilson\OneDrive\Documentos\codes\commit\character-sheet-editor\actions-runner'
[2025-03-01 12:09:20Z INFO HostContext] Well known directory 'Work': 'C:\Users\José Wilson\OneDrive\Documentos\codes\commit\character-sheet-editor\actions-runner\_work'
[2025-03-01 12:09:20Z INFO HostContext] Well known directory 'Tools': 'C:\Users\José Wilson\OneDrive\Documentos\codes\commit\character-sheet-editor\actions-runner\_work\_tool'
[2025-03-01 12:09:20Z INFO HostContext] Well known directory 'Bin': 'C:\Users\José Wilson\OneDrive\Documentos\codes\commit\character-sheet-editor\actions-runner\bin'
[2025-03-01 12:09:20Z INFO HostContext] Well known directory 'Root': 'C:\Users\José Wilson\OneDrive\Documentos\codes\commit\character-sheet-editor\actions-runner'
[2025-03-01 12:09:20Z INFO HostContext] Well known directory 'Work': 'C:\Users\José Wilson\OneDrive\Documentos\codes\commit\character-sheet-editor\actions-runner\_work'
[2025-03-01 12:09:20Z INFO HostContext] Well known directory 'Temp': 'C:\Users\José Wilson\OneDrive\Documentos\codes\commit\character-sheet-editor\actions-runner\_work\_temp'
[2025-03-01 12:09:20Z INFO JobRunner] Getting job extension.
[2025-03-01 12:09:20Z INFO JobRunner] Initialize job. Getting all job steps.
[2025-03-01 12:09:20Z INFO HostContext] Well known directory 'Bin': 'C:\Users\José Wilson\OneDrive\Documentos\codes\commit\character-sheet-editor\actions-runner\bin'
[2025-03-01 12:09:20Z INFO HostContext] Well known directory 'Root': 'C:\Users\José Wilson\OneDrive\Documentos\codes\commit\character-sheet-editor\actions-runner'
[2025-03-01 12:09:20Z INFO HostContext] Well known directory 'Diag': 'C:\Users\José Wilson\OneDrive\Documentos\codes\commit\character-sheet-editor\actions-runner\_diag'
[2025-03-01 12:09:20Z INFO HostContext] Well known directory 'Bin': 'C:\Users\José Wilson\OneDrive\Documentos\codes\commit\character-sheet-editor\actions-runner\bin'
[2025-03-01 12:09:20Z INFO HostContext] Well known directory 'Root': 'C:\Users\José Wilson\OneDrive\Documentos\codes\commit\character-sheet-editor\actions-runner'
[2025-03-01 12:09:20Z INFO HostContext] Well known directory 'Diag': 'C:\Users\José Wilson\OneDrive\Documentos\codes\commit\character-sheet-editor\actions-runner\_diag'
[2025-03-01 12:09:20Z INFO HostContext] Well known directory 'Bin': 'C:\Users\José Wilson\OneDrive\Documentos\codes\commit\character-sheet-editor\actions-runner\bin'
[2025-03-01 12:09:20Z INFO HostContext] Well known directory 'Root': 'C:\Users\José Wilson\OneDrive\Documentos\codes\commit\character-sheet-editor\actions-runner'
[2025-03-01 12:09:20Z INFO HostContext] Well known config file 'Credentials': 'C:\Users\José Wilson\OneDrive\Documentos\codes\commit\character-sheet-editor\actions-runner\.credentials'
[2025-03-01 12:09:20Z INFO HostContext] Well known directory 'Bin': 'C:\Users\José Wilson\OneDrive\Documentos\codes\commit\character-sheet-editor\actions-runner\bin'
[2025-03-01 12:09:20Z INFO HostContext] Well known directory 'Root': 'C:\Users\José Wilson\OneDrive\Documentos\codes\commit\character-sheet-editor\actions-runner'
[2025-03-01 12:09:20Z INFO HostContext] Well known config file 'SetupInfo': 'C:\Users\José Wilson\OneDrive\Documentos\codes\commit\character-sheet-editor\actions-runner\.setup_info'
[2025-03-01 12:09:20Z INFO HostContext] Well known directory 'Bin': 'C:\Users\José Wilson\OneDrive\Documentos\codes\commit\character-sheet-editor\actions-runner\bin'
[2025-03-01 12:09:20Z INFO HostContext] Well known directory 'Root': 'C:\Users\José Wilson\OneDrive\Documentos\codes\commit\character-sheet-editor\actions-runner'
[2025-03-01 12:09:20Z INFO HostContext] Well known directory 'Work': 'C:\Users\José Wilson\OneDrive\Documentos\codes\commit\character-sheet-editor\actions-runner\_work'
[2025-03-01 12:09:20Z INFO PipelineDirectoryManager] Loading tracking config if exists: C:\Users\José Wilson\OneDrive\Documentos\codes\commit\character-sheet-editor\actions-runner\_work\_PipelineMapping\willokko/character-sheet-editor\PipelineFolder.json
[2025-03-01 12:09:20Z INFO PipelineDirectoryManager] Updating job run properties.
[2025-03-01 12:09:20Z INFO HostContext] Well known directory 'Bin': 'C:\Users\José Wilson\OneDrive\Documentos\codes\commit\character-sheet-editor\actions-runner\bin'
[2025-03-01 12:09:20Z INFO HostContext] Well known directory 'Root': 'C:\Users\José Wilson\OneDrive\Documentos\codes\commit\character-sheet-editor\actions-runner'
[2025-03-01 12:09:20Z INFO HostContext] Well known directory 'Work': 'C:\Users\José Wilson\OneDrive\Documentos\codes\commit\character-sheet-editor\actions-runner\_work'
[2025-03-01 12:09:20Z INFO HostContext] Well known directory 'Bin': 'C:\Users\José Wilson\OneDrive\Documentos\codes\commit\character-sheet-editor\actions-runner\bin'
[2025-03-01 12:09:20Z INFO HostContext] Well known directory 'Root': 'C:\Users\José Wilson\OneDrive\Documentos\codes\commit\character-sheet-editor\actions-runner'
[2025-03-01 12:09:20Z INFO HostContext] Well known directory 'Work': 'C:\Users\José Wilson\OneDrive\Documentos\codes\commit\character-sheet-editor\actions-runner\_work'
[2025-03-01 12:09:20Z INFO HostContext] Well known directory 'Bin': 'C:\Users\José Wilson\OneDrive\Documentos\codes\commit\character-sheet-editor\actions-runner\bin'
[2025-03-01 12:09:20Z INFO HostContext] Well known directory 'Root': 'C:\Users\José Wilson\OneDrive\Documentos\codes\commit\character-sheet-editor\actions-runner'
[2025-03-01 12:09:20Z INFO HostContext] Well known directory 'Work': 'C:\Users\José Wilson\OneDrive\Documentos\codes\commit\character-sheet-editor\actions-runner\_work'
[2025-03-01 12:09:20Z INFO JobExtension] Downloading actions
[2025-03-01 12:09:20Z INFO HostContext] Well known directory 'Bin': 'C:\Users\José Wilson\OneDrive\Documentos\codes\commit\character-sheet-editor\actions-runner\bin'
[2025-03-01 12:09:20Z INFO HostContext] Well known directory 'Root': 'C:\Users\José Wilson\OneDrive\Documentos\codes\commit\character-sheet-editor\actions-runner'
[2025-03-01 12:09:20Z INFO HostContext] Well known directory 'Work': 'C:\Users\José Wilson\OneDrive\Documentos\codes\commit\character-sheet-editor\actions-runner\_work'
[2025-03-01 12:09:20Z INFO HostContext] Well known directory 'Actions': 'C:\Users\José Wilson\OneDrive\Documentos\codes\commit\character-sheet-editor\actions-runner\_work\_actions'
[2025-03-01 12:09:20Z INFO HostContext] Well known directory 'Bin': 'C:\Users\José Wilson\OneDrive\Documentos\codes\commit\character-sheet-editor\actions-runner\bin'
[2025-03-01 12:09:20Z INFO HostContext] Well known directory 'Root': 'C:\Users\José Wilson\OneDrive\Documentos\codes\commit\character-sheet-editor\actions-runner'
[2025-03-01 12:09:20Z INFO HostContext] Well known directory 'Work': 'C:\Users\José Wilson\OneDrive\Documentos\codes\commit\character-sheet-editor\actions-runner\_work'
[2025-03-01 12:09:20Z INFO HostContext] Well known directory 'Actions': 'C:\Users\José Wilson\OneDrive\Documentos\codes\commit\character-sheet-editor\actions-runner\_work\_actions'
[2025-03-01 12:09:20Z INFO HostContext] Well known directory 'Bin': 'C:\Users\José Wilson\OneDrive\Documentos\codes\commit\character-sheet-editor\actions-runner\bin'
[2025-03-01 12:09:20Z INFO HostContext] Well known directory 'Root': 'C:\Users\José Wilson\OneDrive\Documentos\codes\commit\character-sheet-editor\actions-runner'
[2025-03-01 12:09:20Z INFO HostContext] Well known directory 'Work': 'C:\Users\José Wilson\OneDrive\Documentos\codes\commit\character-sheet-editor\actions-runner\_work'
[2025-03-01 12:09:20Z INFO HostContext] Well known directory 'Actions': 'C:\Users\José Wilson\OneDrive\Documentos\codes\commit\character-sheet-editor\actions-runner\_work\_actions'
[2025-03-01 12:09:20Z INFO ActionManager] Save archive 'https://api.github.com/repos/actions/checkout/zipball/11bd71901bbe5b1630ceea73d27597364c9af683' into C:\Users\José Wilson\OneDrive\Documentos\codes\commit\character-sheet-editor\actions-runner\_work\_actions\_temp_6f25b2b3-546b-4fcd-bfda-668605f4418f\42217912-553e-43bf-bc36-9a2294194642.zip.
[2025-03-01 12:09:20Z INFO JobServer] Successfully started websocket client.
[2025-03-01 12:09:20Z INFO JobServerQueue] Try to append 1 batches web console lines for record '38911201-3382-4dff-9b4f-3c1eecc3cff7', success rate: 1/1.
[2025-03-01 12:09:20Z INFO ProcessChannel] Receiving message of length 0, with hash 'e3b0c44298fc1c149afbf4c8996fb92427ae41e4649b934ca495991b7852b855'
[2025-03-01 12:09:20Z INFO Worker] Cancellation/Shutdown message received.
[2025-03-01 12:09:20Z INFO JobServerQueue] Try to append 1 batches web console lines for record '38911201-3382-4dff-9b4f-3c1eecc3cff7', success rate: 1/1.
[2025-03-01 12:09:21Z INFO JobServerQueue] Job timeline record has been updated for the first time.
[2025-03-01 12:09:21Z INFO ActionManager] Request URL: https://api.github.com/repos/actions/checkout/zipball/11bd71901bbe5b1630ceea73d27597364c9af683 X-GitHub-Request-Id: 33CC:9882E:371AD:DED03:67C2F91C Http Status: OK
[2025-03-01 12:09:21Z INFO ActionManager] Action download has been cancelled.
[2025-03-01 12:09:21Z ERR  JobExtension] Caught cancellation exception from JobExtension Initialization: System.Threading.Tasks.TaskCanceledException: A task was canceled.
   at GitHub.Runner.Worker.ActionManager.DownloadRepositoryArchive(IExecutionContext executionContext, String downloadUrl, String downloadAuthToken, String archiveFile)
   at GitHub.Runner.Worker.ActionManager.DownloadRepositoryActionAsync(IExecutionContext executionContext, ActionDownloadInfo downloadInfo)
   at GitHub.Runner.Worker.ActionManager.PrepareActionsRecursiveAsync(IExecutionContext executionContext, PrepareActionsState state, IEnumerable`1 actions, Int32 depth, Guid parentStepId)
   at GitHub.Runner.Worker.ActionManager.PrepareActionsAsync(IExecutionContext executionContext, IEnumerable`1 steps, Guid rootStepId)
   at GitHub.Runner.Worker.JobExtension.InitializeJob(IExecutionContext jobContext, AgentJobRequestMessage message)
[2025-03-01 12:09:21Z INFO ExecutionContext] Publish step telemetry for current step {
  "action": "setup_job",
  "type": "runner",
  "stage": "Pre",
  "stepId": "38911201-3382-4dff-9b4f-3c1eecc3cff7",
  "result": "canceled",
  "errorMessages": [
    "A task was canceled."
  ],
  "executionTimeInSeconds": 2,
  "startTime": "2025-03-01T12:09:20.1163267Z",
  "finishTime": "2025-03-01T12:09:21.4648882Z"
}.
[2025-03-01 12:09:21Z ERR  JobRunner] Job is cancelled during initialize.
[2025-03-01 12:09:21Z ERR  JobRunner] Caught exception: System.Threading.Tasks.TaskCanceledException: A task was canceled.
   at GitHub.Runner.Worker.ActionManager.DownloadRepositoryArchive(IExecutionContext executionContext, String downloadUrl, String downloadAuthToken, String archiveFile)
   at GitHub.Runner.Worker.ActionManager.DownloadRepositoryActionAsync(IExecutionContext executionContext, ActionDownloadInfo downloadInfo)
   at GitHub.Runner.Worker.ActionManager.PrepareActionsRecursiveAsync(IExecutionContext executionContext, PrepareActionsState state, IEnumerable`1 actions, Int32 depth, Guid parentStepId)
   at GitHub.Runner.Worker.ActionManager.PrepareActionsAsync(IExecutionContext executionContext, IEnumerable`1 steps, Guid rootStepId)
   at GitHub.Runner.Worker.JobExtension.InitializeJob(IExecutionContext jobContext, AgentJobRequestMessage message)
   at GitHub.Runner.Worker.JobRunner.RunAsync(AgentJobRequestMessage message, CancellationToken jobRequestCancellationToken)
[2025-03-01 12:09:21Z INFO JobRunner] Shutting down the job server queue.
[2025-03-01 12:09:21Z INFO JobServerQueue] Fire signal to shutdown all queues.
[2025-03-01 12:09:22Z INFO JobServerQueue] All queue process task stopped.
[2025-03-01 12:09:22Z INFO JobServerQueue] Try to append 1 batches web console lines for record '38911201-3382-4dff-9b4f-3c1eecc3cff7', success rate: 1/1.
[2025-03-01 12:09:22Z INFO JobServerQueue] Web console line queue drained.
[2025-03-01 12:09:22Z INFO JobServerQueue] Uploading 2 files in one shot.
[2025-03-01 12:09:22Z INFO JobServerQueue] Try to upload 2 log files or attachments, success rate: 2/2.
[2025-03-01 12:09:22Z INFO JobServerQueue] File upload queue drained.
[2025-03-01 12:09:22Z INFO JobServerQueue] Starting results-based upload queue...
[2025-03-01 12:09:22Z INFO JobServerQueue] Uploading 2 file(s) in one shot through results service.
[2025-03-01 12:09:22Z INFO JobServerQueue] Got a step log file to send to results service.
[2025-03-01 12:09:22Z INFO JobServerQueue] Starting upload of step log file to results service ResultsLog, C:\Users\José Wilson\OneDrive\Documentos\codes\commit\character-sheet-editor\actions-runner\_diag\blocks\32c19ca5-d20e-4047-b8c0-6d60891df51c_38911201-3382-4dff-9b4f-3c1eecc3cff7.1
[2025-03-01 12:09:23Z INFO JobServerQueue] Got a job log file to send to results service.
[2025-03-01 12:09:23Z INFO JobServerQueue] Starting upload of job log file to results service ResultsLog, C:\Users\José Wilson\OneDrive\Documentos\codes\commit\character-sheet-editor\actions-runner\_diag\blocks\32c19ca5-d20e-4047-b8c0-6d60891df51c_ae5d326c-2fcb-5a99-b864-cfac23409180.1
[2025-03-01 12:09:23Z INFO JobServerQueue] Tried to upload 2 file(s) to results, success rate: 2/2.
[2025-03-01 12:09:23Z INFO JobServerQueue] Results upload queue drained.
[2025-03-01 12:09:23Z INFO JobServerQueue] Timeline update queue drained.
[2025-03-01 12:09:23Z INFO JobServerQueue] Disposing job server ...
[2025-03-01 12:09:23Z INFO JobServerQueue] Disposing results server ...
[2025-03-01 12:09:23Z INFO JobServerQueue] All queue process tasks have been stopped, and all queues are drained.
[2025-03-01 12:09:23Z INFO JobServerQueue] Actions upload time: 546 ms, Result upload time: 1024 ms
[2025-03-01 12:09:23Z INFO TempDirectoryManager] Cleaning runner temp folder: C:\Users\José Wilson\OneDrive\Documentos\codes\commit\character-sheet-editor\actions-runner\_work\_temp
[2025-03-01 12:09:23Z INFO HostContext] Well known directory 'Bin': 'C:\Users\José Wilson\OneDrive\Documentos\codes\commit\character-sheet-editor\actions-runner\bin'
[2025-03-01 12:09:23Z INFO HostContext] Well known directory 'Root': 'C:\Users\José Wilson\OneDrive\Documentos\codes\commit\character-sheet-editor\actions-runner'
[2025-03-01 12:09:23Z INFO HostContext] Well known directory 'Diag': 'C:\Users\José Wilson\OneDrive\Documentos\codes\commit\character-sheet-editor\actions-runner\_diag'
[2025-03-01 12:09:23Z INFO HostContext] Well known config file 'Telemetry': 'C:\Users\José Wilson\OneDrive\Documentos\codes\commit\character-sheet-editor\actions-runner\_diag\.telemetry'
[2025-03-01 12:09:23Z INFO JobRunner] Raising job completed event
